2023-12-11 15:42:16,673:WARNING:C:\Users\pc\PycharmProjects\ProjectDiabetes\venv\lib\site-packages\sklearn\base.py:318: UserWarning: Trying to unpickle estimator LinearDiscriminantAnalysis from version 1.0.2 when using version 1.2.2. This might lead to breaking code or invalid results. Use at your own risk. For more info please refer to:
https://scikit-learn.org/stable/model_persistence.html#security-maintainability-limitations
  warnings.warn(

2023-12-11 15:42:16,673:WARNING:C:\Users\pc\PycharmProjects\ProjectDiabetes\venv\lib\site-packages\sklearn\base.py:318: UserWarning: Trying to unpickle estimator LogisticRegression from version 1.0.2 when using version 1.2.2. This might lead to breaking code or invalid results. Use at your own risk. For more info please refer to:
https://scikit-learn.org/stable/model_persistence.html#security-maintainability-limitations
  warnings.warn(

2023-12-11 15:47:30,984:WARNING:C:\Users\pc\PycharmProjects\ProjectDiabetes\venv\lib\site-packages\sklearn\base.py:318: UserWarning: Trying to unpickle estimator LinearDiscriminantAnalysis from version 1.0.2 when using version 1.2.2. This might lead to breaking code or invalid results. Use at your own risk. For more info please refer to:
https://scikit-learn.org/stable/model_persistence.html#security-maintainability-limitations
  warnings.warn(

2023-12-11 15:47:30,987:WARNING:C:\Users\pc\PycharmProjects\ProjectDiabetes\venv\lib\site-packages\sklearn\base.py:318: UserWarning: Trying to unpickle estimator LogisticRegression from version 1.0.2 when using version 1.2.2. This might lead to breaking code or invalid results. Use at your own risk. For more info please refer to:
https://scikit-learn.org/stable/model_persistence.html#security-maintainability-limitations
  warnings.warn(

2023-12-11 15:47:33,172:WARNING:C:\Users\pc\PycharmProjects\ProjectDiabetes\venv\lib\site-packages\sklearn\base.py:318: UserWarning: Trying to unpickle estimator ExtraTreeClassifier from version 1.0.2 when using version 1.2.2. This might lead to breaking code or invalid results. Use at your own risk. For more info please refer to:
https://scikit-learn.org/stable/model_persistence.html#security-maintainability-limitations
  warnings.warn(

2023-12-11 15:47:33,172:WARNING:C:\Users\pc\PycharmProjects\ProjectDiabetes\venv\lib\site-packages\sklearn\base.py:318: UserWarning: Trying to unpickle estimator ExtraTreesClassifier from version 1.0.2 when using version 1.2.2. This might lead to breaking code or invalid results. Use at your own risk. For more info please refer to:
https://scikit-learn.org/stable/model_persistence.html#security-maintainability-limitations
  warnings.warn(

2023-12-11 15:47:33,172:WARNING:C:\Users\pc\PycharmProjects\ProjectDiabetes\venv\lib\site-packages\sklearn\base.py:318: UserWarning: Trying to unpickle estimator DecisionTreeClassifier from version 1.0.2 when using version 1.2.2. This might lead to breaking code or invalid results. Use at your own risk. For more info please refer to:
https://scikit-learn.org/stable/model_persistence.html#security-maintainability-limitations
  warnings.warn(

2023-12-11 15:47:33,173:WARNING:C:\Users\pc\PycharmProjects\ProjectDiabetes\venv\lib\site-packages\sklearn\base.py:318: UserWarning: Trying to unpickle estimator RandomForestClassifier from version 1.0.2 when using version 1.2.2. This might lead to breaking code or invalid results. Use at your own risk. For more info please refer to:
https://scikit-learn.org/stable/model_persistence.html#security-maintainability-limitations
  warnings.warn(

2023-12-11 15:47:33,173:WARNING:C:\Users\pc\PycharmProjects\ProjectDiabetes\venv\lib\site-packages\sklearn\base.py:318: UserWarning: Trying to unpickle estimator VotingClassifier from version 1.0.2 when using version 1.2.2. This might lead to breaking code or invalid results. Use at your own risk. For more info please refer to:
https://scikit-learn.org/stable/model_persistence.html#security-maintainability-limitations
  warnings.warn(

2023-12-11 15:47:33,173:WARNING:C:\Users\pc\PycharmProjects\ProjectDiabetes\venv\lib\site-packages\sklearn\base.py:318: UserWarning: Trying to unpickle estimator LinearDiscriminantAnalysis from version 1.0.2 when using version 1.2.2. This might lead to breaking code or invalid results. Use at your own risk. For more info please refer to:
https://scikit-learn.org/stable/model_persistence.html#security-maintainability-limitations
  warnings.warn(

2023-12-11 15:47:33,173:WARNING:C:\Users\pc\PycharmProjects\ProjectDiabetes\venv\lib\site-packages\sklearn\base.py:318: UserWarning: Trying to unpickle estimator LogisticRegression from version 1.0.2 when using version 1.2.2. This might lead to breaking code or invalid results. Use at your own risk. For more info please refer to:
https://scikit-learn.org/stable/model_persistence.html#security-maintainability-limitations
  warnings.warn(

2023-12-11 15:47:33,174:WARNING:C:\Users\pc\PycharmProjects\ProjectDiabetes\venv\lib\site-packages\sklearn\base.py:318: UserWarning: Trying to unpickle estimator LabelEncoder from version 1.0.2 when using version 1.2.2. This might lead to breaking code or invalid results. Use at your own risk. For more info please refer to:
https://scikit-learn.org/stable/model_persistence.html#security-maintainability-limitations
  warnings.warn(

2023-12-11 15:47:33,195:WARNING:C:\Users\pc\PycharmProjects\ProjectDiabetes\venv\lib\site-packages\sklearn\base.py:318: UserWarning: Trying to unpickle estimator _SigmoidCalibration from version 1.0.2 when using version 1.2.2. This might lead to breaking code or invalid results. Use at your own risk. For more info please refer to:
https://scikit-learn.org/stable/model_persistence.html#security-maintainability-limitations
  warnings.warn(

2023-12-11 15:47:33,340:WARNING:C:\Users\pc\PycharmProjects\ProjectDiabetes\venv\lib\site-packages\sklearn\base.py:318: UserWarning: Trying to unpickle estimator CalibratedClassifierCV from version 1.0.2 when using version 1.2.2. This might lead to breaking code or invalid results. Use at your own risk. For more info please refer to:
https://scikit-learn.org/stable/model_persistence.html#security-maintainability-limitations
  warnings.warn(

2023-12-11 15:47:34,170:WARNING:C:\Users\pc\PycharmProjects\ProjectDiabetes\venv\lib\site-packages\pycaret\internal\pipeline.py:145: UserWarning: Version mismatch:
current: {'deps_info': {'pip': '23.2.1', 'setuptools': '68.2.0', 'pycaret': '3.2.0', 'IPython': '8.12.3', 'ipywidgets': '8.1.1', 'tqdm': '4.66.1', 'numpy': '1.24.4', 'pandas': '1.5.3', 'jinja2': '3.1.2', 'scipy': '1.10.1', 'joblib': '1.3.2', 'sklearn': '1.2.2', 'pyod': '1.1.2', 'imblearn': '0.11.0', 'category_encoders': '2.6.3', 'lightgbm': '4.1.0', 'numba': '0.58.1', 'requests': '2.31.0', 'matplotlib': '3.6.0', 'scikitplot': '0.3.7', 'yellowbrick': '1.5', 'plotly': '5.18.0', 'plotly-resampler': 'Not installed', 'kaleido': '0.2.1', 'schemdraw': '0.15', 'statsmodels': '0.14.0', 'sktime': '0.21.1', 'tbats': '1.1.3', 'pmdarima': '2.0.4', 'psutil': '5.9.6', 'markupsafe': '2.1.3', 'pickle5': 'Not installed', 'cloudpickle': '3.0.0', 'deprecation': '2.1.0', 'xxhash': '3.4.1', 'wurlitzer': 'Not installed'}, 'python': {'version': '3.8.0', 'machine': 'AMD64'}}
pickle: {'deps_info': {'pip': '22.0.3', 'setuptools': '59.8.0', 'pycaret': '3.0.4', 'IPython': '7.32.0', 'ipywidgets': '7.8.1', 'tqdm': '4.63.0', 'numpy': '1.21.6', 'pandas': '1.3.5', 'jinja2': '3.0.3', 'scipy': '1.7.3', 'joblib': '1.3.2', 'sklearn': '1.0.2', 'pyod': '1.1.2', 'imblearn': '0.11.0', 'category_encoders': '2.6.3', 'lightgbm': '4.1.0', 'numba': '0.56.4', 'requests': '2.27.1', 'matplotlib': '3.5.1', 'scikitplot': '0.3.7', 'yellowbrick': '1.5', 'plotly': '5.18.0', 'plotly-resampler': 'Not installed', 'kaleido': '0.2.1', 'schemdraw': '0.15', 'statsmodels': '0.13.5', 'sktime': '0.19.2', 'tbats': '1.1.3', 'pmdarima': '2.0.4', 'psutil': '5.9.0', 'markupsafe': '2.1.3', 'pickle5': '0.0.12', 'cloudpickle': '2.0.0', 'deprecation': '2.1.0', 'xxhash': '3.4.1', 'wurlitzer': '3.0.3'}, 'python': {'version': '3.7.12', 'machine': 'x86_64'}}
  warnings.warn(

2023-12-11 15:51:11,597:WARNING:C:\Users\pc\PycharmProjects\ProjectDiabetes\venv\lib\site-packages\sklearn\base.py:348: InconsistentVersionWarning: Trying to unpickle estimator LinearDiscriminantAnalysis from version 1.0.2 when using version 1.3.2. This might lead to breaking code or invalid results. Use at your own risk. For more info please refer to:
https://scikit-learn.org/stable/model_persistence.html#security-maintainability-limitations
  warnings.warn(

2023-12-11 15:51:11,598:WARNING:C:\Users\pc\PycharmProjects\ProjectDiabetes\venv\lib\site-packages\sklearn\base.py:348: InconsistentVersionWarning: Trying to unpickle estimator LogisticRegression from version 1.0.2 when using version 1.3.2. This might lead to breaking code or invalid results. Use at your own risk. For more info please refer to:
https://scikit-learn.org/stable/model_persistence.html#security-maintainability-limitations
  warnings.warn(

2023-12-11 15:51:16,405:WARNING:C:\Users\pc\PycharmProjects\ProjectDiabetes\venv\lib\site-packages\sklearn\base.py:348: InconsistentVersionWarning: Trying to unpickle estimator ExtraTreeClassifier from version 1.0.2 when using version 1.3.2. This might lead to breaking code or invalid results. Use at your own risk. For more info please refer to:
https://scikit-learn.org/stable/model_persistence.html#security-maintainability-limitations
  warnings.warn(

2023-12-11 15:51:16,405:WARNING:C:\Users\pc\PycharmProjects\ProjectDiabetes\venv\lib\site-packages\sklearn\base.py:348: InconsistentVersionWarning: Trying to unpickle estimator ExtraTreesClassifier from version 1.0.2 when using version 1.3.2. This might lead to breaking code or invalid results. Use at your own risk. For more info please refer to:
https://scikit-learn.org/stable/model_persistence.html#security-maintainability-limitations
  warnings.warn(

2023-12-11 15:51:16,405:WARNING:C:\Users\pc\PycharmProjects\ProjectDiabetes\venv\lib\site-packages\sklearn\base.py:348: InconsistentVersionWarning: Trying to unpickle estimator DecisionTreeClassifier from version 1.0.2 when using version 1.3.2. This might lead to breaking code or invalid results. Use at your own risk. For more info please refer to:
https://scikit-learn.org/stable/model_persistence.html#security-maintainability-limitations
  warnings.warn(

2023-12-11 15:51:16,406:WARNING:C:\Users\pc\PycharmProjects\ProjectDiabetes\venv\lib\site-packages\sklearn\base.py:348: InconsistentVersionWarning: Trying to unpickle estimator RandomForestClassifier from version 1.0.2 when using version 1.3.2. This might lead to breaking code or invalid results. Use at your own risk. For more info please refer to:
https://scikit-learn.org/stable/model_persistence.html#security-maintainability-limitations
  warnings.warn(

2023-12-11 15:51:16,406:WARNING:C:\Users\pc\PycharmProjects\ProjectDiabetes\venv\lib\site-packages\sklearn\base.py:348: InconsistentVersionWarning: Trying to unpickle estimator VotingClassifier from version 1.0.2 when using version 1.3.2. This might lead to breaking code or invalid results. Use at your own risk. For more info please refer to:
https://scikit-learn.org/stable/model_persistence.html#security-maintainability-limitations
  warnings.warn(

2023-12-11 15:51:16,406:WARNING:C:\Users\pc\PycharmProjects\ProjectDiabetes\venv\lib\site-packages\sklearn\base.py:348: InconsistentVersionWarning: Trying to unpickle estimator LinearDiscriminantAnalysis from version 1.0.2 when using version 1.3.2. This might lead to breaking code or invalid results. Use at your own risk. For more info please refer to:
https://scikit-learn.org/stable/model_persistence.html#security-maintainability-limitations
  warnings.warn(

2023-12-11 15:51:16,406:WARNING:C:\Users\pc\PycharmProjects\ProjectDiabetes\venv\lib\site-packages\sklearn\base.py:348: InconsistentVersionWarning: Trying to unpickle estimator LogisticRegression from version 1.0.2 when using version 1.3.2. This might lead to breaking code or invalid results. Use at your own risk. For more info please refer to:
https://scikit-learn.org/stable/model_persistence.html#security-maintainability-limitations
  warnings.warn(

2023-12-11 15:51:16,406:WARNING:C:\Users\pc\PycharmProjects\ProjectDiabetes\venv\lib\site-packages\sklearn\base.py:348: InconsistentVersionWarning: Trying to unpickle estimator LabelEncoder from version 1.0.2 when using version 1.3.2. This might lead to breaking code or invalid results. Use at your own risk. For more info please refer to:
https://scikit-learn.org/stable/model_persistence.html#security-maintainability-limitations
  warnings.warn(

2023-12-11 15:52:01,023:WARNING:C:\Users\pc\PycharmProjects\ProjectDiabetes\venv\lib\site-packages\sklearn\base.py:348: InconsistentVersionWarning: Trying to unpickle estimator LinearDiscriminantAnalysis from version 1.0.2 when using version 1.3.2. This might lead to breaking code or invalid results. Use at your own risk. For more info please refer to:
https://scikit-learn.org/stable/model_persistence.html#security-maintainability-limitations
  warnings.warn(

2023-12-11 15:52:01,024:WARNING:C:\Users\pc\PycharmProjects\ProjectDiabetes\venv\lib\site-packages\sklearn\base.py:348: InconsistentVersionWarning: Trying to unpickle estimator LogisticRegression from version 1.0.2 when using version 1.3.2. This might lead to breaking code or invalid results. Use at your own risk. For more info please refer to:
https://scikit-learn.org/stable/model_persistence.html#security-maintainability-limitations
  warnings.warn(

2023-12-11 15:52:02,232:WARNING:C:\Users\pc\PycharmProjects\ProjectDiabetes\venv\lib\site-packages\sklearn\base.py:348: InconsistentVersionWarning: Trying to unpickle estimator ExtraTreeClassifier from version 1.0.2 when using version 1.3.2. This might lead to breaking code or invalid results. Use at your own risk. For more info please refer to:
https://scikit-learn.org/stable/model_persistence.html#security-maintainability-limitations
  warnings.warn(

2023-12-11 15:52:02,232:WARNING:C:\Users\pc\PycharmProjects\ProjectDiabetes\venv\lib\site-packages\sklearn\base.py:348: InconsistentVersionWarning: Trying to unpickle estimator ExtraTreesClassifier from version 1.0.2 when using version 1.3.2. This might lead to breaking code or invalid results. Use at your own risk. For more info please refer to:
https://scikit-learn.org/stable/model_persistence.html#security-maintainability-limitations
  warnings.warn(

2023-12-11 15:52:02,232:WARNING:C:\Users\pc\PycharmProjects\ProjectDiabetes\venv\lib\site-packages\sklearn\base.py:348: InconsistentVersionWarning: Trying to unpickle estimator DecisionTreeClassifier from version 1.0.2 when using version 1.3.2. This might lead to breaking code or invalid results. Use at your own risk. For more info please refer to:
https://scikit-learn.org/stable/model_persistence.html#security-maintainability-limitations
  warnings.warn(

2023-12-11 15:52:02,232:WARNING:C:\Users\pc\PycharmProjects\ProjectDiabetes\venv\lib\site-packages\sklearn\base.py:348: InconsistentVersionWarning: Trying to unpickle estimator RandomForestClassifier from version 1.0.2 when using version 1.3.2. This might lead to breaking code or invalid results. Use at your own risk. For more info please refer to:
https://scikit-learn.org/stable/model_persistence.html#security-maintainability-limitations
  warnings.warn(

2023-12-11 15:52:02,232:WARNING:C:\Users\pc\PycharmProjects\ProjectDiabetes\venv\lib\site-packages\sklearn\base.py:348: InconsistentVersionWarning: Trying to unpickle estimator VotingClassifier from version 1.0.2 when using version 1.3.2. This might lead to breaking code or invalid results. Use at your own risk. For more info please refer to:
https://scikit-learn.org/stable/model_persistence.html#security-maintainability-limitations
  warnings.warn(

2023-12-11 15:52:02,232:WARNING:C:\Users\pc\PycharmProjects\ProjectDiabetes\venv\lib\site-packages\sklearn\base.py:348: InconsistentVersionWarning: Trying to unpickle estimator LinearDiscriminantAnalysis from version 1.0.2 when using version 1.3.2. This might lead to breaking code or invalid results. Use at your own risk. For more info please refer to:
https://scikit-learn.org/stable/model_persistence.html#security-maintainability-limitations
  warnings.warn(

2023-12-11 15:52:02,236:WARNING:C:\Users\pc\PycharmProjects\ProjectDiabetes\venv\lib\site-packages\sklearn\base.py:348: InconsistentVersionWarning: Trying to unpickle estimator LogisticRegression from version 1.0.2 when using version 1.3.2. This might lead to breaking code or invalid results. Use at your own risk. For more info please refer to:
https://scikit-learn.org/stable/model_persistence.html#security-maintainability-limitations
  warnings.warn(

2023-12-11 15:52:02,238:WARNING:C:\Users\pc\PycharmProjects\ProjectDiabetes\venv\lib\site-packages\sklearn\base.py:348: InconsistentVersionWarning: Trying to unpickle estimator LabelEncoder from version 1.0.2 when using version 1.3.2. This might lead to breaking code or invalid results. Use at your own risk. For more info please refer to:
https://scikit-learn.org/stable/model_persistence.html#security-maintainability-limitations
  warnings.warn(

2023-12-11 16:07:58,608:WARNING:C:\Users\pc\PycharmProjects\ProjectDiabetes\venv\lib\site-packages\sklearn\base.py:348: InconsistentVersionWarning: Trying to unpickle estimator LinearDiscriminantAnalysis from version 1.0.2 when using version 1.3.2. This might lead to breaking code or invalid results. Use at your own risk. For more info please refer to:
https://scikit-learn.org/stable/model_persistence.html#security-maintainability-limitations
  warnings.warn(

2023-12-11 16:07:58,608:WARNING:C:\Users\pc\PycharmProjects\ProjectDiabetes\venv\lib\site-packages\sklearn\base.py:348: InconsistentVersionWarning: Trying to unpickle estimator LogisticRegression from version 1.0.2 when using version 1.3.2. This might lead to breaking code or invalid results. Use at your own risk. For more info please refer to:
https://scikit-learn.org/stable/model_persistence.html#security-maintainability-limitations
  warnings.warn(

2023-12-11 16:07:59,987:WARNING:C:\Users\pc\PycharmProjects\ProjectDiabetes\venv\lib\site-packages\sklearn\base.py:348: InconsistentVersionWarning: Trying to unpickle estimator ExtraTreeClassifier from version 1.0.2 when using version 1.3.2. This might lead to breaking code or invalid results. Use at your own risk. For more info please refer to:
https://scikit-learn.org/stable/model_persistence.html#security-maintainability-limitations
  warnings.warn(

2023-12-11 16:07:59,987:WARNING:C:\Users\pc\PycharmProjects\ProjectDiabetes\venv\lib\site-packages\sklearn\base.py:348: InconsistentVersionWarning: Trying to unpickle estimator ExtraTreesClassifier from version 1.0.2 when using version 1.3.2. This might lead to breaking code or invalid results. Use at your own risk. For more info please refer to:
https://scikit-learn.org/stable/model_persistence.html#security-maintainability-limitations
  warnings.warn(

2023-12-11 16:07:59,988:WARNING:C:\Users\pc\PycharmProjects\ProjectDiabetes\venv\lib\site-packages\sklearn\base.py:348: InconsistentVersionWarning: Trying to unpickle estimator DecisionTreeClassifier from version 1.0.2 when using version 1.3.2. This might lead to breaking code or invalid results. Use at your own risk. For more info please refer to:
https://scikit-learn.org/stable/model_persistence.html#security-maintainability-limitations
  warnings.warn(

2023-12-11 16:07:59,988:WARNING:C:\Users\pc\PycharmProjects\ProjectDiabetes\venv\lib\site-packages\sklearn\base.py:348: InconsistentVersionWarning: Trying to unpickle estimator RandomForestClassifier from version 1.0.2 when using version 1.3.2. This might lead to breaking code or invalid results. Use at your own risk. For more info please refer to:
https://scikit-learn.org/stable/model_persistence.html#security-maintainability-limitations
  warnings.warn(

2023-12-11 16:07:59,988:WARNING:C:\Users\pc\PycharmProjects\ProjectDiabetes\venv\lib\site-packages\sklearn\base.py:348: InconsistentVersionWarning: Trying to unpickle estimator VotingClassifier from version 1.0.2 when using version 1.3.2. This might lead to breaking code or invalid results. Use at your own risk. For more info please refer to:
https://scikit-learn.org/stable/model_persistence.html#security-maintainability-limitations
  warnings.warn(

2023-12-11 16:07:59,988:WARNING:C:\Users\pc\PycharmProjects\ProjectDiabetes\venv\lib\site-packages\sklearn\base.py:348: InconsistentVersionWarning: Trying to unpickle estimator LinearDiscriminantAnalysis from version 1.0.2 when using version 1.3.2. This might lead to breaking code or invalid results. Use at your own risk. For more info please refer to:
https://scikit-learn.org/stable/model_persistence.html#security-maintainability-limitations
  warnings.warn(

2023-12-11 16:07:59,988:WARNING:C:\Users\pc\PycharmProjects\ProjectDiabetes\venv\lib\site-packages\sklearn\base.py:348: InconsistentVersionWarning: Trying to unpickle estimator LogisticRegression from version 1.0.2 when using version 1.3.2. This might lead to breaking code or invalid results. Use at your own risk. For more info please refer to:
https://scikit-learn.org/stable/model_persistence.html#security-maintainability-limitations
  warnings.warn(

2023-12-11 16:07:59,989:WARNING:C:\Users\pc\PycharmProjects\ProjectDiabetes\venv\lib\site-packages\sklearn\base.py:348: InconsistentVersionWarning: Trying to unpickle estimator LabelEncoder from version 1.0.2 when using version 1.3.2. This might lead to breaking code or invalid results. Use at your own risk. For more info please refer to:
https://scikit-learn.org/stable/model_persistence.html#security-maintainability-limitations
  warnings.warn(

